<?xml version="1.0" encoding="UTF-8"?>
<testsuite xmlns:xsi="http://www.w3.org/2001/XMLSchema-instance" xsi:noNamespaceSchemaLocation="https://maven.apache.org/surefire/maven-surefire-plugin/xsd/surefire-test-report.xsd" version="3.0.2" name="com.banco.clientes.service.ClientServiceTest" time="1.318" tests="6" errors="0" skipped="0" failures="0">
  <properties>
[...]
</properties>
  <testcase name="testFindClientById_ClientNotExists" classname="com.banco.clientes.service.ClientServiceTest" time="1.252"/>
  <testcase name="testShowAllClients" classname="com.banco.clientes.service.ClientServiceTest" time="0.01"/>
  <testcase name="testFindClientById_ClientExists" classname="com.banco.clientes.service.ClientServiceTest" time="0.006"/>
  <testcase name="testUpdateClient_Success" classname="com.banco.clientes.service.ClientServiceTest" time="0.01"/>
  <testcase name="testAddNewClient" classname="com.banco.clientes.service.ClientServiceTest" time="0.005"/>
  <testcase name="testUpdateClient_ClientNotFound" classname="com.banco.clientes.service.ClientServiceTest" time="0.005"/>
</testsuite>